#
# There is insufficient memory for the Java Runtime Environment to continue.
# Native memory allocation (mmap) failed to map 134217728 bytes for Failed to commit area from 0x0000000081e00000 to 0x0000000089e00000 of length 134217728.
# Possible reasons:
#   The system is out of physical RAM or swap space
#   The process is running with CompressedOops enabled, and the Java Heap may be blocking the growth of the native heap
# Possible solutions:
#   Reduce memory load on the system
#   Increase physical memory or swap space
#   Check if swap backing store is full
#   Decrease Java heap size (-Xmx/-Xms)
#   Decrease number of Java threads
#   Decrease Java thread stack sizes (-Xss)
#   Set larger code cache with -XX:ReservedCodeCacheSize=
# This output file may be truncated or incomplete.
#
#  Out of Memory Error (c:/BuildAgent/work/5ff2f6c26000d570/src/hotspot/os/windows/os_windows.cpp:3291), pid=51344, tid=53788
#
# JRE version:  (11.0.5+10) (build )
# Java VM: OpenJDK 64-Bit Server VM (11.0.5+10-b520.38, mixed mode, aot, sharing, tiered, compressed oops, g1 gc, windows-amd64)
# No core dump will be written. Minidumps are not enabled by default on client versions of Windows
#

---------------  S U M M A R Y ------------

Command Line: org.jetbrains.git4idea.http.GitAskPassApp Username for 'https://github.com': 

Host: Intel(R) Core(TM) i7-3612QM CPU @ 2.10GHz, 8 cores, 7G,  Windows 10 , 64 bit Build 17134 (10.0.17134.753)
Time: Sun Apr 12 20:21:23 2020 ¨¬¡§¡À¡À¡À¨º¡Á?¨º¡À?? elapsed time: 0 seconds (0d 0h 0m 0s)

---------------  T H R E A D  ---------------

Current thread (0x0000012e96531800):  JavaThread "Unknown thread" [_thread_in_vm, id=53788, stack(0x00000020b6900000,0x00000020b6a00000)]

Stack: [0x00000020b6900000,0x00000020b6a00000]
Native frames: (J=compiled Java code, j=interpreted, Vv=VM code, C=native code)
V  [jvm.dll+0x5dcafa]
V  [jvm.dll+0x70e375]
V  [jvm.dll+0x70f898]
V  [jvm.dll+0x70ff63]
V  [jvm.dll+0x23e238]
V  [jvm.dll+0x5da1c4]
V  [jvm.dll+0x5cf265]
V  [jvm.dll+0x2fac3b]
V  [jvm.dll+0x2fabaa]
V  [jvm.dll+0x2faa82]
V  [jvm.dll+0x2ff956]
V  [jvm.dll+0x3480d3]
V  [jvm.dll+0x3487d6]
V  [jvm.dll+0x3481d3]
V  [jvm.dll+0x2d5548]
V  [jvm.dll+0x2d66e7]
V  [jvm.dll+0x6ed237]
V  [jvm.dll+0x6eea2c]
V  [jvm.dll+0x355849]
V  [jvm.dll+0x6d239e]
V  [jvm.dll+0x3be283]
V  [jvm.dll+0x3c0701]
C  [jli.dll+0x5363]
C  [ucrtbase.dll+0x1e3fe]
C  [KERNEL32.DLL+0x14034]
C  [ntdll.dll+0x73691]


---------------  P R O C E S S  ---------------

Threads class SMR info:
_java_thread_list=0x0000012e963033c0, length=0, elements={
}

Java Threads: ( => current thread )

Other Threads:
  0x0000012e96549800 GCTaskThread "GC Thread#0" [stack: 0x00000020b6a00000,0x00000020b6b00000] [id=63348]
  0x0000012e96580000 ConcurrentGCThread "G1 Main Marker" [stack: 0x00000020b6b00000,0x00000020b6c00000] [id=69760]
  0x0000012e96582800 ConcurrentGCThread "G1 Conc#0" [stack: 0x00000020b6c00000,0x00000020b6d00000] [id=73024]

[error occurred during error reporting (printing all threads), id 0xc0000005, EXCEPTION_ACCESS_VIOLATION (0xc0000005) at pc=0x00007ffa95c15c17]

VM state:not at safepoint (not fully initialized)

VM Mutex/Monitor currently owned by a thread:  ([mutex/lock_event])
[0x0000012e9652c830] Heap_lock - owner thread: 0x0000012e96531800

Heap address: 0x0000000081e00000, size: 2018 MB, Compressed Oops mode: Non-zero based: 0x0000000081e00000
Narrow klass base: 0x0000000000000000, Narrow klass shift: 0

GC Heap History (0 events):
No events

Deoptimization events (0 events):
No events

Classes redefined (0 events):
No events

Internal exceptions (0 events):
No events

Events (0 events):
No events


Dynamic libraries:
0x00007ff775d00000 - 0x00007ff775d0a000 	T:\IntelliJ IDEA Educational Edition 2019.3\jbr\bin\java.exe
0x00007ffadd050000 - 0x00007ffadd231000 	C:\WINDOWS\SYSTEM32\ntdll.dll
0x00007ffada5e0000 - 0x00007ffada691000 	C:\WINDOWS\System32\KERNEL32.DLL
0x00007ffad9410000 - 0x00007ffad9683000 	C:\WINDOWS\System32\KERNELBASE.dll
0x00007ffad9690000 - 0x00007ffad9788000 	C:\WINDOWS\System32\ucrtbase.dll
0x00007ffac4640000 - 0x00007ffac4657000 	T:\IntelliJ IDEA Educational Edition 2019.3\jbr\bin\VCRUNTIME140.dll
0x00007ffac4570000 - 0x00007ffac4589000 	T:\IntelliJ IDEA Educational Edition 2019.3\jbr\bin\jli.dll
0x00007ffadb260000 - 0x00007ffadb3f0000 	C:\WINDOWS\System32\USER32.dll
0x00007ffad9b30000 - 0x00007ffad9b50000 	C:\WINDOWS\System32\win32u.dll
0x00007ffadb830000 - 0x00007ffadb858000 	C:\WINDOWS\System32\GDI32.dll
0x00007ffad97e0000 - 0x00007ffad9971000 	C:\WINDOWS\System32\gdi32full.dll
0x00007ffad99e0000 - 0x00007ffad9a7f000 	C:\WINDOWS\System32\msvcp_win.dll
0x00007ffac4790000 - 0x00007ffac49f9000 	C:\WINDOWS\WinSxS\amd64_microsoft.windows.common-controls_6595b64144ccf1df_6.0.17134.1246_none_d3ffb9d77c90723d\COMCTL32.dll
0x00007ffadb1c0000 - 0x00007ffadb25e000 	C:\WINDOWS\System32\msvcrt.dll
0x00007ffadb490000 - 0x00007ffadb7b1000 	C:\WINDOWS\System32\combase.dll
0x00007ffadcef0000 - 0x00007ffadd014000 	C:\WINDOWS\System32\RPCRT4.dll
0x00007ffad9b50000 - 0x00007ffad9bc9000 	C:\WINDOWS\System32\bcryptPrimitives.dll
0x00007ffada8f0000 - 0x00007ffada91d000 	C:\WINDOWS\System32\IMM32.DLL
0x00007ffab74e0000 - 0x00007ffab757d000 	T:\IntelliJ IDEA Educational Edition 2019.3\jbr\bin\msvcp140.dll
0x00007ffa95930000 - 0x00007ffa963eb000 	T:\IntelliJ IDEA Educational Edition 2019.3\jbr\bin\server\jvm.dll
0x00007ffadb860000 - 0x00007ffadb901000 	C:\WINDOWS\System32\ADVAPI32.dll
0x00007ffada6a0000 - 0x00007ffada6fb000 	C:\WINDOWS\System32\sechost.dll
0x00007ffadcde0000 - 0x00007ffadcde8000 	C:\WINDOWS\System32\PSAPI.DLL
0x00007ffaccf90000 - 0x00007ffaccf99000 	C:\WINDOWS\SYSTEM32\WSOCK32.dll
0x00007ffad61d0000 - 0x00007ffad61f3000 	C:\WINDOWS\SYSTEM32\WINMM.dll
0x00007ffadb7c0000 - 0x00007ffadb82c000 	C:\WINDOWS\System32\WS2_32.dll
0x00007ffacd370000 - 0x00007ffacd37a000 	C:\WINDOWS\SYSTEM32\VERSION.dll
0x00007ffad61a0000 - 0x00007ffad61ca000 	C:\WINDOWS\SYSTEM32\WINMMBASE.dll
0x00007ffad9790000 - 0x00007ffad97d9000 	C:\WINDOWS\System32\cfgmgr32.dll
0x00007ffad93c0000 - 0x00007ffad93d1000 	C:\WINDOWS\System32\kernel.appcore.dll
0x00007ffad56c0000 - 0x00007ffad56d1000 	T:\IntelliJ IDEA Educational Edition 2019.3\jbr\bin\verify.dll
0x00007ffac8400000 - 0x00007ffac85c9000 	C:\WINDOWS\SYSTEM32\DBGHELP.DLL
0x00007ffac8ce0000 - 0x00007ffac8d09000 	C:\WINDOWS\SYSTEM32\dbgcore.DLL
0x00007ffacce40000 - 0x00007ffacce69000 	T:\IntelliJ IDEA Educational Edition 2019.3\jbr\bin\java.dll
0x00007ffad40f0000 - 0x00007ffad4107000 	T:\IntelliJ IDEA Educational Edition 2019.3\jbr\bin\zip.dll
0x00007ffad0390000 - 0x00007ffad039b000 	T:\IntelliJ IDEA Educational Edition 2019.3\jbr\bin\jimage.dll

dbghelp: loaded successfully - version: 4.0.5 - missing functions: none
symbol engine: initialized successfully - sym options: 0x614 - pdb path: .;T:\IntelliJ IDEA Educational Edition 2019.3\jbr\bin;C:\WINDOWS\SYSTEM32;C:\WINDOWS\WinSxS\amd64_microsoft.windows.common-controls_6595b64144ccf1df_6.0.17134.1246_none_d3ffb9d77c90723d;T:\IntelliJ IDEA Educational Edition 2019.3\jbr\bin\server

VM Arguments:
java_command: org.jetbrains.git4idea.http.GitAskPassApp Username for 'https://github.com': 
java_class_path (initial): T:/IntelliJ IDEA Educational Edition 2019.3/plugins/git4idea/lib/git4idea-rt.jar;T:/IntelliJ IDEA Educational Edition 2019.3/lib/xmlrpc-2.0.1.jar;T:/IntelliJ IDEA Educational Edition 2019.3/lib/commons-codec-1.13.jar;T:/IntelliJ IDEA Educational Edition 2019.3/lib/util.jar
Launcher Type: SUN_STANDARD

[Global flags]
     intx CICompilerCount                          = 4                                         {product} {ergonomic}
     uint ConcGCThreads                            = 2                                         {product} {ergonomic}
     uint G1ConcRefinementThreads                  = 8                                         {product} {ergonomic}
   size_t G1HeapRegionSize                         = 1048576                                   {product} {ergonomic}
    uintx GCDrainStackTargetSize                   = 64                                        {product} {ergonomic}
   size_t InitialHeapSize                          = 134217728                                 {product} {ergonomic}
   size_t MarkStackSize                            = 4194304                                   {product} {ergonomic}
   size_t MaxHeapSize                              = 2116026368                                {product} {ergonomic}
   size_t MinHeapDeltaBytes                        = 1048576                                   {product} {ergonomic}
    uintx NonNMethodCodeHeapSize                   = 5836300                                {pd product} {ergonomic}
    uintx NonProfiledCodeHeapSize                  = 122910970                              {pd product} {ergonomic}
    uintx ProfiledCodeHeapSize                     = 122910970                              {pd product} {ergonomic}
    uintx ReservedCodeCacheSize                    = 251658240                              {pd product} {ergonomic}
     bool SegmentedCodeCache                       = true                                      {product} {ergonomic}
     bool UseCompressedClassPointers               = true                                 {lp64_product} {ergonomic}
     bool UseCompressedOops                        = true                                 {lp64_product} {ergonomic}
     bool UseG1GC                                  = true                                      {product} {ergonomic}
     bool UseLargePagesIndividualAllocation        = false                                  {pd product} {ergonomic}

Logging:
Log output configuration:
 #0: stdout all=warning uptime,level,tags
 #1: stderr all=off uptime,level,tags

Environment Variables:
PATH=T:\Git\mingw64\libexec\git-core;T:\Git\mingw64\libexec\git-core;T:\Git\mingw64\bin;T:\Git\usr\bin;C:\Users\Gunsammos\bin;T:\Xshell6;C:\Program Files (x86)\Common Files\Oracle\Java\javapath;C:\ProgramData\Oracle\Java\javapath;C:\CTEX\CTeX\ctex\bin;C:\CTEX\CTeX\cct\bin;C:\CTEX\CTeX\ty\bin;C:\CTEX\Ghostscript\gs9.05\bin;C:\CTEX\GSview\gsview;C:\Python36\Scripts;C:\WINDOWS\system32;C:\WINDOWS;C:\WINDOWS\System32\Wbem;C:\WINDOWS\System32\WindowsPowerShell\v1.0;C:\Program Files\Calibre2;C:\Program Files (x86)\Common Files\Acronis\VirtualFile;C:\Program Files (x86)\Common Files\Acronis\VirtualFile64;C:\Program Files (x86)\Common Files\Acronis\SnapAPI;C:\Program Files\Crucial\Crucial Storage Executive;C:\WINDOWS\System32\OpenSSH;C:\Python27;C:\Program Files\Common Files\Intel\WirelessCommon;C:\Users\Gunsammos\AppData\Local\Microsoft\WindowsApps;C:\Wind\Wind.NET.Client\WindNET\bin;T:\Wind\bin;C:\adb;C:\Program Files (x86)\PharosSystems\Core;C:\MinGw\bin;C:\Program Files\dotnet;C:\Program Files\Microsoft SQL Server\130\Tools\Binn;C:\Program Files\Microsoft SQL Server\Client SDK\ODBC\170\Tools\Binn;T:\Git\cmd;C:\Users\Gunsammos\AppData\Local\Programs\Python\Python38-32\Scripts;C:\Users\Gunsammos\AppData\Local\Programs\Python\Python38-32;C:\Program Files (x86)\Common Files\Oracle\Java\javapath;C:\ProgramData\Oracle\Java\javapath;C:\CTEX\CTeX\ctex\bin;C:\CTEX\CTeX\cct\bin;C:\CTEX\CTeX\ty\bin;C:\CTEX\Ghostscript\gs9.05\bin;C:\CTEX\GSview\gsview;C:\Python36\Scripts;C:\WINDOWS\system32;C:\WINDOWS;C:\WINDOWS\System32\Wbem;C:\WINDOWS\System32\WindowsPowerShell\v1.0;C:\Program Files\Calibre2;C:\Program Files (x86)\Common Files\Acronis\VirtualFile;C:\Program Files (x86)\Common Files\Acronis\VirtualFile64;C:\Program Files (x86)\Common Files\Acronis\SnapAPI;C:\Program Files\Crucial\Crucial Storage Executive;C:\WINDOWS\System32\OpenSSH;C:\Program Files\Microsoft VS Code\bin;C:\Python27;C:\Program Files\Common Files\Intel\WirelessCommon;C:\Users\Gunsammos\AppData\Local\Microsoft\WindowsA
USERNAME=Gunsammos
DISPLAY=:0.0
OS=Windows_NT
PROCESSOR_IDENTIFIER=Intel64 Family 6 Model 58 Stepping 9, GenuineIntel



---------------  S Y S T E M  ---------------

OS: Windows 10 , 64 bit Build 17134 (10.0.17134.753)

CPU:total 8 (initial active 8) (4 cores per cpu, 2 threads per core) family 6 model 58 stepping 9, cmov, cx8, fxsr, mmx, sse, sse2, sse3, ssse3, sse4.1, sse4.2, popcnt, avx, aes, clmul, erms, ht, tsc, tscinvbit, tscinv

Memory: 4k page, system-wide physical 8067M (773M free)
TotalPageFile size 32643M (AvailPageFile size 120M)
current process WorkingSet (physical memory assigned to process): 10M, peak: 10M
current process commit charge ("private bytes"): 60M, peak: 188M

vm_info: OpenJDK 64-Bit Server VM (11.0.5+10-b520.38) for windows-amd64 JRE (11.0.5+10-b520.38), built on Jan 23 2020 07:58:32 by "" with MS VC++ 14.0 (VS2015)

END.
